0 info it worked if it ends with ok
1 verbose cli [ '/home/blaz/.nvm/versions/node/v6.9.0/bin/node',
1 verbose cli   '/home/blaz/.nvm/versions/node/v6.9.0/bin/npm',
1 verbose cli   'run',
1 verbose cli   'server' ]
2 info using npm@3.10.8
3 info using node@v6.9.0
4 verbose run-script [ 'preserver', 'server', 'postserver' ]
5 info lifecycle Phaser@1.0.0~preserver: Phaser@1.0.0
6 silly lifecycle Phaser@1.0.0~preserver: no script for preserver, continuing
7 info lifecycle Phaser@1.0.0~server: Phaser@1.0.0
8 verbose lifecycle Phaser@1.0.0~server: unsafe-perm in lifecycle true
9 verbose lifecycle Phaser@1.0.0~server: PATH: /home/blaz/.nvm/versions/node/v6.9.0/lib/node_modules/npm/bin/node-gyp-bin:/home/blaz/esola/www/sandbox/js-fps-game/node_modules/.bin:/home/blaz/.nvm/versions/node/v6.9.0/bin:/usr/local/sbin:/usr/local/bin:/usr/sbin:/usr/bin:/sbin:/bin:/usr/games:/usr/local/games:/snap/bin
10 verbose lifecycle Phaser@1.0.0~server: CWD: /home/blaz/esola/www/sandbox/js-fps-game
11 silly lifecycle Phaser@1.0.0~server: Args: [ '-c', 'babel-node ./src/server/index.js' ]
12 silly lifecycle Phaser@1.0.0~server: Returned: code: 1  signal: null
13 info lifecycle Phaser@1.0.0~server: Failed to exec server script
14 verbose stack Error: Phaser@1.0.0 server: `babel-node ./src/server/index.js`
14 verbose stack Exit status 1
14 verbose stack     at EventEmitter.<anonymous> (/home/blaz/.nvm/versions/node/v6.9.0/lib/node_modules/npm/lib/utils/lifecycle.js:255:16)
14 verbose stack     at emitTwo (events.js:106:13)
14 verbose stack     at EventEmitter.emit (events.js:191:7)
14 verbose stack     at ChildProcess.<anonymous> (/home/blaz/.nvm/versions/node/v6.9.0/lib/node_modules/npm/lib/utils/spawn.js:40:14)
14 verbose stack     at emitTwo (events.js:106:13)
14 verbose stack     at ChildProcess.emit (events.js:191:7)
14 verbose stack     at maybeClose (internal/child_process.js:877:16)
14 verbose stack     at Process.ChildProcess._handle.onexit (internal/child_process.js:226:5)
15 verbose pkgid Phaser@1.0.0
16 verbose cwd /home/blaz/esola/www/sandbox/js-fps-game
17 error Linux 4.15.0-34-generic
18 error argv "/home/blaz/.nvm/versions/node/v6.9.0/bin/node" "/home/blaz/.nvm/versions/node/v6.9.0/bin/npm" "run" "server"
19 error node v6.9.0
20 error npm  v3.10.8
21 error code ELIFECYCLE
22 error Phaser@1.0.0 server: `babel-node ./src/server/index.js`
22 error Exit status 1
23 error Failed at the Phaser@1.0.0 server script 'babel-node ./src/server/index.js'.
23 error Make sure you have the latest version of node.js and npm installed.
23 error If you do, this is most likely a problem with the Phaser package,
23 error not with npm itself.
23 error Tell the author that this fails on your system:
23 error     babel-node ./src/server/index.js
23 error You can get information on how to open an issue for this project with:
23 error     npm bugs Phaser
23 error Or if that isn't available, you can get their info via:
23 error     npm owner ls Phaser
23 error There is likely additional logging output above.
24 verbose exit [ 1, true ]
